2022-11-17 10:11:58,984:INFO:PyCaret Supervised Module
2022-11-17 10:11:58,986:INFO:ML Usecase: classification
2022-11-17 10:11:58,986:INFO:version 2.3.10
2022-11-17 10:11:58,987:INFO:Initializing setup()
2022-11-17 10:11:58,987:INFO:setup(target=Churn, ml_usecase=classification, available_plots={'parameter': 'Hyperparameters', 'auc': 'AUC', 'confusion_matrix': 'Confusion Matrix', 'threshold': 'Threshold', 'pr': 'Precision Recall', 'error': 'Prediction Error', 'class_report': 'Class Report', 'rfe': 'Feature Selection', 'learning': 'Learning Curve', 'manifold': 'Manifold Learning', 'calibration': 'Calibration Curve', 'vc': 'Validation Curve', 'dimension': 'Dimensions', 'feature': 'Feature Importance', 'feature_all': 'Feature Importance (All)', 'boundary': 'Decision Boundary', 'lift': 'Lift Chart', 'gain': 'Gain Chart', 'tree': 'Decision Tree', 'ks': 'KS Statistic Plot'}, train_size=0.7, test_data=None, preprocess=True, imputation_type=simple, iterative_imputation_iters=5, categorical_features=None, categorical_imputation=constant, categorical_iterative_imputer=lightgbm, ordinal_features=None, high_cardinality_features=None, high_cardinality_method=frequency, numeric_features=None, numeric_imputation=mean, numeric_iterative_imputer=lightgbm, date_features=None, ignore_features=None, normalize=False, normalize_method=zscore, transformation=False, transformation_method=yeo-johnson, handle_unknown_categorical=True, unknown_categorical_method=least_frequent, pca=False, pca_method=linear, pca_components=None, ignore_low_variance=False, combine_rare_levels=False, rare_level_threshold=0.1, bin_numeric_features=None, remove_outliers=False, outliers_threshold=0.05, remove_multicollinearity=False, multicollinearity_threshold=0.9, remove_perfect_collinearity=True, create_clusters=False, cluster_iter=20, polynomial_features=False, polynomial_degree=2, trigonometry_features=False, polynomial_threshold=0.1, group_features=None, group_names=None, feature_selection=False, feature_selection_threshold=0.8, feature_selection_method=classic, feature_interaction=False, feature_ratio=False, interaction_threshold=0.01, fix_imbalance=False, fix_imbalance_method=None, transform_target=False, transform_target_method=box-cox, data_split_shuffle=True, data_split_stratify=False, fold_strategy=stratifiedkfold, fold=10, fold_shuffle=False, fold_groups=None, n_jobs=-1, use_gpu=False, custom_pipeline=None, html=True, session_id=None, log_experiment=False, experiment_name=None, experiment_custom_tags=None, log_plots=False, log_profile=False, log_data=False, silent=False, verbose=True, profile=False, profile_kwargs=None, display=None)
2022-11-17 10:11:58,987:INFO:Checking environment
2022-11-17 10:11:58,987:INFO:python_version: 3.8.15
2022-11-17 10:11:58,988:INFO:python_build: ('default', 'Nov  4 2022 15:16:59')
2022-11-17 10:11:58,988:INFO:machine: AMD64
2022-11-17 10:11:58,994:INFO:platform: Windows-10-10.0.22000-SP0
2022-11-17 10:11:58,998:INFO:Memory: svmem(total=17102475264, available=9211817984, percent=46.1, used=7890657280, free=9211817984)
2022-11-17 10:11:58,998:INFO:Physical Core: 8
2022-11-17 10:11:58,998:INFO:Logical Core: 16
2022-11-17 10:11:58,999:INFO:Checking libraries
2022-11-17 10:11:58,999:INFO:pd==1.5.1
2022-11-17 10:11:58,999:INFO:numpy==1.20.3
2022-11-17 10:11:58,999:INFO:sklearn==0.23.2
2022-11-17 10:11:59,000:INFO:lightgbm==3.3.3
2022-11-17 10:11:59,002:WARNING:catboost not found
2022-11-17 10:11:59,003:WARNING:xgboost not found
2022-11-17 10:11:59,003:INFO:mlflow==2.0.1
2022-11-17 10:11:59,004:INFO:Checking Exceptions
2022-11-17 10:11:59,004:INFO:Declaring global variables
2022-11-17 10:11:59,004:INFO:USI: b699
2022-11-17 10:11:59,004:INFO:pycaret_globals: {'create_model_container', 'html_param', 'y', '_available_plots', 'target_param', 'seed', 'X_train', 'imputation_regressor', 'prep_pipe', 'display_container', 'fold_param', 'data_before_preprocess', 'y_test', '_all_models_internal', 'X', 'stratify_param', '_gpu_n_jobs_param', 'fold_generator', 'X_test', 'imputation_classifier', 'log_plots_param', 'master_model_container', 'dashboard_logger', 'fix_imbalance_param', 'y_train', 'exp_name_log', 'fix_imbalance_method_param', 'gpu_param', '_all_metrics', 'experiment__', 'USI', 'logging_param', 'fold_shuffle_param', 'pycaret_globals', 'transform_target_param', '_internal_pipeline', 'fold_groups_param', 'fold_groups_param_full', 'n_jobs_param', 'iterative_imputation_iters_param', 'transform_target_method_param', '_ml_usecase', '_all_models'}
2022-11-17 10:11:59,005:INFO:Preparing display monitor
2022-11-17 10:11:59,005:INFO:Preparing display monitor
2022-11-17 10:11:59,010:INFO:Importing libraries
2022-11-17 10:11:59,011:INFO:Copying data for preprocessing
2022-11-17 10:11:59,013:INFO:Declaring preprocessing parameters
2022-11-17 10:11:59,015:INFO:Creating preprocessing pipeline
2022-11-17 10:11:59,029:INFO:Preprocessing pipeline created successfully
2022-11-17 10:11:59,029:ERROR:(Process Exit): setup has been interupted with user command 'quit'. setup must rerun.
2022-11-17 10:11:59,029:INFO:Creating global containers
2022-11-17 10:11:59,030:INFO:Internal pipeline: Pipeline(memory=None, steps=[('empty_step', 'passthrough')], verbose=False)
2022-11-17 10:13:46,044:WARNING:Couldn't import xgboost.XGBClassifier
2022-11-17 10:13:46,045:WARNING:Couldn't import catboost.CatBoostClassifier
2022-11-17 10:13:46,098:WARNING:Couldn't import xgboost.XGBClassifier
2022-11-17 10:13:46,099:WARNING:Couldn't import catboost.CatBoostClassifier
2022-11-17 10:13:46,100:INFO:Creating grid variables
2022-11-17 10:13:46,110:INFO:create_model_container: 0
2022-11-17 10:13:46,110:INFO:master_model_container: 0
2022-11-17 10:13:46,111:INFO:display_container: 1
2022-11-17 10:13:46,114:INFO:Pipeline(memory=None,
         steps=[('dtypes',
                 DataTypes_Auto_infer(categorical_features=[],
                                      display_types=True, features_todrop=[],
                                      id_columns=[],
                                      ml_usecase='classification',
                                      numerical_features=[], target='Churn',
                                      time_features=[])),
                ('imputer',
                 Simple_Imputer(categorical_strategy='not_available',
                                fill_value_categorical=None,
                                fill_value_numerical=None,
                                numeric_strate...
                ('scaling', 'passthrough'), ('P_transform', 'passthrough'),
                ('binn', 'passthrough'), ('rem_outliers', 'passthrough'),
                ('cluster_all', 'passthrough'),
                ('dummy', Dummify(target='Churn')),
                ('fix_perfect', Remove_100(target='Churn')),
                ('clean_names', Clean_Colum_Names()),
                ('feature_select', 'passthrough'), ('fix_multi', 'passthrough'),
                ('dfs', 'passthrough'), ('pca', 'passthrough')],
         verbose=False)
2022-11-17 10:13:46,115:INFO:setup() succesfully completed......................................
2022-11-17 10:14:45,228:INFO:PyCaret Supervised Module
2022-11-17 10:14:45,229:INFO:ML Usecase: classification
2022-11-17 10:14:45,230:INFO:version 2.3.10
2022-11-17 10:14:45,230:INFO:Initializing setup()
2022-11-17 10:14:45,230:INFO:setup(target=Churn, ml_usecase=classification, available_plots={'parameter': 'Hyperparameters', 'auc': 'AUC', 'confusion_matrix': 'Confusion Matrix', 'threshold': 'Threshold', 'pr': 'Precision Recall', 'error': 'Prediction Error', 'class_report': 'Class Report', 'rfe': 'Feature Selection', 'learning': 'Learning Curve', 'manifold': 'Manifold Learning', 'calibration': 'Calibration Curve', 'vc': 'Validation Curve', 'dimension': 'Dimensions', 'feature': 'Feature Importance', 'feature_all': 'Feature Importance (All)', 'boundary': 'Decision Boundary', 'lift': 'Lift Chart', 'gain': 'Gain Chart', 'tree': 'Decision Tree', 'ks': 'KS Statistic Plot'}, train_size=0.7, test_data=None, preprocess=True, imputation_type=simple, iterative_imputation_iters=5, categorical_features=None, categorical_imputation=constant, categorical_iterative_imputer=lightgbm, ordinal_features=None, high_cardinality_features=None, high_cardinality_method=frequency, numeric_features=None, numeric_imputation=mean, numeric_iterative_imputer=lightgbm, date_features=None, ignore_features=None, normalize=False, normalize_method=zscore, transformation=False, transformation_method=yeo-johnson, handle_unknown_categorical=True, unknown_categorical_method=least_frequent, pca=False, pca_method=linear, pca_components=None, ignore_low_variance=False, combine_rare_levels=False, rare_level_threshold=0.1, bin_numeric_features=None, remove_outliers=False, outliers_threshold=0.05, remove_multicollinearity=False, multicollinearity_threshold=0.9, remove_perfect_collinearity=True, create_clusters=False, cluster_iter=20, polynomial_features=False, polynomial_degree=2, trigonometry_features=False, polynomial_threshold=0.1, group_features=None, group_names=None, feature_selection=False, feature_selection_threshold=0.8, feature_selection_method=classic, feature_interaction=False, feature_ratio=False, interaction_threshold=0.01, fix_imbalance=False, fix_imbalance_method=None, transform_target=False, transform_target_method=box-cox, data_split_shuffle=True, data_split_stratify=False, fold_strategy=stratifiedkfold, fold=10, fold_shuffle=False, fold_groups=None, n_jobs=-1, use_gpu=False, custom_pipeline=None, html=True, session_id=None, log_experiment=False, experiment_name=None, experiment_custom_tags=None, log_plots=False, log_profile=False, log_data=False, silent=True, verbose=True, profile=False, profile_kwargs=None, display=None)
2022-11-17 10:14:45,230:INFO:Checking environment
2022-11-17 10:14:45,231:INFO:python_version: 3.8.15
2022-11-17 10:14:45,231:INFO:python_build: ('default', 'Nov  4 2022 15:16:59')
2022-11-17 10:14:45,231:INFO:machine: AMD64
2022-11-17 10:14:45,239:INFO:platform: Windows-10-10.0.22000-SP0
2022-11-17 10:14:45,242:INFO:Memory: svmem(total=17102475264, available=9639342080, percent=43.6, used=7463133184, free=9639342080)
2022-11-17 10:14:45,242:INFO:Physical Core: 8
2022-11-17 10:14:45,242:INFO:Logical Core: 16
2022-11-17 10:14:45,243:INFO:Checking libraries
2022-11-17 10:14:45,243:INFO:pd==1.5.1
2022-11-17 10:14:45,243:INFO:numpy==1.20.3
2022-11-17 10:14:45,243:INFO:sklearn==0.23.2
2022-11-17 10:14:45,244:INFO:lightgbm==3.3.3
2022-11-17 10:14:45,244:WARNING:catboost not found
2022-11-17 10:14:45,245:WARNING:xgboost not found
2022-11-17 10:14:45,245:INFO:mlflow==2.0.1
2022-11-17 10:14:45,245:INFO:Checking Exceptions
2022-11-17 10:14:45,246:INFO:Declaring global variables
2022-11-17 10:14:45,246:INFO:USI: 9bde
2022-11-17 10:14:45,246:INFO:pycaret_globals: {'X_test', 'y_train', 'imputation_classifier', 'USI', '_all_models', 'y', 'experiment__', 'exp_name_log', 'imputation_regressor', 'gpu_param', 'fold_shuffle_param', 'X', 'fold_generator', '_all_metrics', 'y_test', 'n_jobs_param', 'fold_param', 'log_plots_param', '_all_models_internal', 'stratify_param', 'create_model_container', 'X_train', 'prep_pipe', 'fold_groups_param_full', 'seed', 'fix_imbalance_method_param', 'fold_groups_param', 'pycaret_globals', '_gpu_n_jobs_param', 'display_container', 'data_before_preprocess', 'master_model_container', 'fix_imbalance_param', 'logging_param', 'transform_target_param', 'target_param', '_available_plots', '_internal_pipeline', 'html_param', '_ml_usecase', 'dashboard_logger', 'iterative_imputation_iters_param', 'transform_target_method_param'}
2022-11-17 10:14:45,246:INFO:Preparing display monitor
2022-11-17 10:14:45,247:INFO:Preparing display monitor
2022-11-17 10:14:45,252:INFO:Importing libraries
2022-11-17 10:14:45,252:INFO:Copying data for preprocessing
2022-11-17 10:14:45,255:INFO:Declaring preprocessing parameters
2022-11-17 10:14:45,256:INFO:Creating preprocessing pipeline
2022-11-17 10:14:45,269:INFO:Preprocessing pipeline created successfully
2022-11-17 10:14:45,269:ERROR:(Process Exit): setup has been interupted with user command 'quit'. setup must rerun.
2022-11-17 10:14:45,270:INFO:Creating global containers
2022-11-17 10:14:45,270:INFO:Internal pipeline: Pipeline(memory=None, steps=[('empty_step', 'passthrough')], verbose=False)
2022-11-17 10:15:21,699:WARNING:Couldn't import xgboost.XGBClassifier
2022-11-17 10:15:21,700:WARNING:Couldn't import catboost.CatBoostClassifier
2022-11-17 10:15:21,752:WARNING:Couldn't import xgboost.XGBClassifier
2022-11-17 10:15:21,753:WARNING:Couldn't import catboost.CatBoostClassifier
2022-11-17 10:15:21,753:INFO:Creating grid variables
2022-11-17 10:15:21,763:INFO:create_model_container: 0
2022-11-17 10:15:21,763:INFO:master_model_container: 0
2022-11-17 10:15:21,764:INFO:display_container: 1
2022-11-17 10:15:21,767:INFO:Pipeline(memory=None,
         steps=[('dtypes',
                 DataTypes_Auto_infer(categorical_features=[],
                                      display_types=False, features_todrop=[],
                                      id_columns=[],
                                      ml_usecase='classification',
                                      numerical_features=[], target='Churn',
                                      time_features=[])),
                ('imputer',
                 Simple_Imputer(categorical_strategy='not_available',
                                fill_value_categorical=None,
                                fill_value_numerical=None,
                                numeric_strat...
                ('scaling', 'passthrough'), ('P_transform', 'passthrough'),
                ('binn', 'passthrough'), ('rem_outliers', 'passthrough'),
                ('cluster_all', 'passthrough'),
                ('dummy', Dummify(target='Churn')),
                ('fix_perfect', Remove_100(target='Churn')),
                ('clean_names', Clean_Colum_Names()),
                ('feature_select', 'passthrough'), ('fix_multi', 'passthrough'),
                ('dfs', 'passthrough'), ('pca', 'passthrough')],
         verbose=False)
2022-11-17 10:15:21,768:INFO:setup() succesfully completed......................................
2022-11-17 10:18:17,363:INFO:PyCaret Supervised Module
2022-11-17 10:18:17,364:INFO:ML Usecase: classification
2022-11-17 10:18:17,364:INFO:version 2.3.10
2022-11-17 10:18:17,365:INFO:Initializing setup()
2022-11-17 10:18:17,365:INFO:setup(target=Churn, ml_usecase=classification, available_plots={'parameter': 'Hyperparameters', 'auc': 'AUC', 'confusion_matrix': 'Confusion Matrix', 'threshold': 'Threshold', 'pr': 'Precision Recall', 'error': 'Prediction Error', 'class_report': 'Class Report', 'rfe': 'Feature Selection', 'learning': 'Learning Curve', 'manifold': 'Manifold Learning', 'calibration': 'Calibration Curve', 'vc': 'Validation Curve', 'dimension': 'Dimensions', 'feature': 'Feature Importance', 'feature_all': 'Feature Importance (All)', 'boundary': 'Decision Boundary', 'lift': 'Lift Chart', 'gain': 'Gain Chart', 'tree': 'Decision Tree', 'ks': 'KS Statistic Plot'}, train_size=0.7, test_data=None, preprocess=True, imputation_type=simple, iterative_imputation_iters=5, categorical_features=None, categorical_imputation=constant, categorical_iterative_imputer=lightgbm, ordinal_features=None, high_cardinality_features=None, high_cardinality_method=frequency, numeric_features=None, numeric_imputation=mean, numeric_iterative_imputer=lightgbm, date_features=None, ignore_features=None, normalize=False, normalize_method=zscore, transformation=False, transformation_method=yeo-johnson, handle_unknown_categorical=True, unknown_categorical_method=least_frequent, pca=False, pca_method=linear, pca_components=None, ignore_low_variance=False, combine_rare_levels=False, rare_level_threshold=0.1, bin_numeric_features=None, remove_outliers=False, outliers_threshold=0.05, remove_multicollinearity=False, multicollinearity_threshold=0.9, remove_perfect_collinearity=True, create_clusters=False, cluster_iter=20, polynomial_features=False, polynomial_degree=2, trigonometry_features=False, polynomial_threshold=0.1, group_features=None, group_names=None, feature_selection=False, feature_selection_threshold=0.8, feature_selection_method=classic, feature_interaction=False, feature_ratio=False, interaction_threshold=0.01, fix_imbalance=False, fix_imbalance_method=None, transform_target=False, transform_target_method=box-cox, data_split_shuffle=True, data_split_stratify=False, fold_strategy=stratifiedkfold, fold=10, fold_shuffle=False, fold_groups=None, n_jobs=-1, use_gpu=False, custom_pipeline=None, html=True, session_id=None, log_experiment=True, experiment_name=churn_pred, experiment_custom_tags=None, log_plots=False, log_profile=False, log_data=False, silent=True, verbose=True, profile=False, profile_kwargs=None, display=None)
2022-11-17 10:18:17,365:INFO:Checking environment
2022-11-17 10:18:17,365:INFO:python_version: 3.8.15
2022-11-17 10:18:17,366:INFO:python_build: ('default', 'Nov  4 2022 15:16:59')
2022-11-17 10:18:17,366:INFO:machine: AMD64
2022-11-17 10:18:17,373:INFO:platform: Windows-10-10.0.22000-SP0
2022-11-17 10:18:17,376:INFO:Memory: svmem(total=17102475264, available=9139703808, percent=46.6, used=7962771456, free=9139703808)
2022-11-17 10:18:17,376:INFO:Physical Core: 8
2022-11-17 10:18:17,376:INFO:Logical Core: 16
2022-11-17 10:18:17,377:INFO:Checking libraries
2022-11-17 10:18:17,377:INFO:pd==1.5.1
2022-11-17 10:18:17,377:INFO:numpy==1.20.3
2022-11-17 10:18:17,377:INFO:sklearn==0.23.2
2022-11-17 10:18:17,378:INFO:lightgbm==3.3.3
2022-11-17 10:18:17,380:WARNING:catboost not found
2022-11-17 10:18:17,380:WARNING:xgboost not found
2022-11-17 10:18:17,380:INFO:mlflow==2.0.1
2022-11-17 10:18:17,381:INFO:Checking Exceptions
2022-11-17 10:18:17,381:INFO:Declaring global variables
2022-11-17 10:18:17,381:INFO:USI: 27f8
2022-11-17 10:18:17,381:INFO:pycaret_globals: {'X_train', 'pycaret_globals', 'imputation_regressor', 'fold_shuffle_param', 'y', 'experiment__', 'fold_param', 'fix_imbalance_method_param', 'html_param', 'target_param', '_gpu_n_jobs_param', 'data_before_preprocess', 'exp_name_log', 'fold_groups_param', 'seed', 'transform_target_method_param', 'stratify_param', 'fix_imbalance_param', 'transform_target_param', 'y_test', 'gpu_param', 'create_model_container', 'n_jobs_param', 'fold_groups_param_full', '_all_models_internal', '_all_metrics', 'iterative_imputation_iters_param', 'logging_param', '_available_plots', 'prep_pipe', 'y_train', 'dashboard_logger', 'display_container', 'log_plots_param', '_all_models', 'X', 'X_test', 'imputation_classifier', '_ml_usecase', 'fold_generator', 'master_model_container', '_internal_pipeline', 'USI'}
2022-11-17 10:18:17,382:INFO:Preparing display monitor
2022-11-17 10:18:17,382:INFO:Preparing display monitor
2022-11-17 10:18:17,388:INFO:Importing libraries
2022-11-17 10:18:17,388:INFO:Copying data for preprocessing
2022-11-17 10:18:17,390:INFO:Declaring preprocessing parameters
2022-11-17 10:18:17,392:INFO:Creating preprocessing pipeline
2022-11-17 10:18:17,406:INFO:Preprocessing pipeline created successfully
2022-11-17 10:18:17,406:ERROR:(Process Exit): setup has been interupted with user command 'quit'. setup must rerun.
2022-11-17 10:18:17,407:INFO:Creating global containers
2022-11-17 10:18:17,408:INFO:Internal pipeline: Pipeline(memory=None, steps=[('empty_step', 'passthrough')], verbose=False)
2022-11-17 10:18:56,606:WARNING:Couldn't import xgboost.XGBClassifier
2022-11-17 10:18:56,607:WARNING:Couldn't import catboost.CatBoostClassifier
2022-11-17 10:18:56,665:WARNING:Couldn't import xgboost.XGBClassifier
2022-11-17 10:18:56,666:WARNING:Couldn't import catboost.CatBoostClassifier
2022-11-17 10:18:56,667:INFO:Creating grid variables
2022-11-17 10:18:56,678:INFO:Logging experiment in MLFlow
2022-11-17 10:18:57,130:INFO:SubProcess save_model() called ==================================
2022-11-17 10:18:57,137:INFO:Initializing save_model()
2022-11-17 10:18:57,137:INFO:save_model(model=Pipeline(memory=None,
         steps=[('dtypes',
                 DataTypes_Auto_infer(categorical_features=[],
                                      display_types=False, features_todrop=[],
                                      id_columns=[],
                                      ml_usecase='classification',
                                      numerical_features=[], target='Churn',
                                      time_features=[])),
                ('imputer',
                 Simple_Imputer(categorical_strategy='not_available',
                                fill_value_categorical=None,
                                fill_value_numerical=None,
                                numeric_strat...
                ('scaling', 'passthrough'), ('P_transform', 'passthrough'),
                ('binn', 'passthrough'), ('rem_outliers', 'passthrough'),
                ('cluster_all', 'passthrough'),
                ('dummy', Dummify(target='Churn')),
                ('fix_perfect', Remove_100(target='Churn')),
                ('clean_names', Clean_Colum_Names()),
                ('feature_select', 'passthrough'), ('fix_multi', 'passthrough'),
                ('dfs', 'passthrough'), ('pca', 'passthrough')],
         verbose=False), model_name=Transformation Pipeline, prep_pipe_=Pipeline(memory=None,
         steps=[('dtypes',
                 DataTypes_Auto_infer(categorical_features=[],
                                      display_types=False, features_todrop=[],
                                      id_columns=[],
                                      ml_usecase='classification',
                                      numerical_features=[], target='Churn',
                                      time_features=[])),
                ('imputer',
                 Simple_Imputer(categorical_strategy='not_available',
                                fill_value_categorical=None,
                                fill_value_numerical=None,
                                numeric_strat...
                ('scaling', 'passthrough'), ('P_transform', 'passthrough'),
                ('binn', 'passthrough'), ('rem_outliers', 'passthrough'),
                ('cluster_all', 'passthrough'),
                ('dummy', Dummify(target='Churn')),
                ('fix_perfect', Remove_100(target='Churn')),
                ('clean_names', Clean_Colum_Names()),
                ('feature_select', 'passthrough'), ('fix_multi', 'passthrough'),
                ('dfs', 'passthrough'), ('pca', 'passthrough')],
         verbose=False), verbose=False, kwargs={})
2022-11-17 10:18:57,138:INFO:Adding model into prep_pipe
2022-11-17 10:18:57,146:WARNING:Only Model saved as it was a pipeline.
2022-11-17 10:18:57,163:INFO:Transformation Pipeline.pkl saved in current working directory
2022-11-17 10:18:57,166:INFO:Pipeline(memory=None,
         steps=[('dtypes',
                 DataTypes_Auto_infer(categorical_features=[],
                                      display_types=False, features_todrop=[],
                                      id_columns=[],
                                      ml_usecase='classification',
                                      numerical_features=[], target='Churn',
                                      time_features=[])),
                ('imputer',
                 Simple_Imputer(categorical_strategy='not_available',
                                fill_value_categorical=None,
                                fill_value_numerical=None,
                                numeric_strat...
                ('scaling', 'passthrough'), ('P_transform', 'passthrough'),
                ('binn', 'passthrough'), ('rem_outliers', 'passthrough'),
                ('cluster_all', 'passthrough'),
                ('dummy', Dummify(target='Churn')),
                ('fix_perfect', Remove_100(target='Churn')),
                ('clean_names', Clean_Colum_Names()),
                ('feature_select', 'passthrough'), ('fix_multi', 'passthrough'),
                ('dfs', 'passthrough'), ('pca', 'passthrough')],
         verbose=False)
2022-11-17 10:18:57,167:INFO:save_model() successfully completed......................................
2022-11-17 10:18:57,257:INFO:SubProcess save_model() end ==================================
2022-11-17 10:18:57,339:INFO:create_model_container: 0
2022-11-17 10:18:57,340:INFO:master_model_container: 0
2022-11-17 10:18:57,340:INFO:display_container: 1
2022-11-17 10:18:57,344:INFO:Pipeline(memory=None,
         steps=[('dtypes',
                 DataTypes_Auto_infer(categorical_features=[],
                                      display_types=False, features_todrop=[],
                                      id_columns=[],
                                      ml_usecase='classification',
                                      numerical_features=[], target='Churn',
                                      time_features=[])),
                ('imputer',
                 Simple_Imputer(categorical_strategy='not_available',
                                fill_value_categorical=None,
                                fill_value_numerical=None,
                                numeric_strat...
                ('scaling', 'passthrough'), ('P_transform', 'passthrough'),
                ('binn', 'passthrough'), ('rem_outliers', 'passthrough'),
                ('cluster_all', 'passthrough'),
                ('dummy', Dummify(target='Churn')),
                ('fix_perfect', Remove_100(target='Churn')),
                ('clean_names', Clean_Colum_Names()),
                ('feature_select', 'passthrough'), ('fix_multi', 'passthrough'),
                ('dfs', 'passthrough'), ('pca', 'passthrough')],
         verbose=False)
2022-11-17 10:18:57,344:INFO:setup() succesfully completed......................................
2022-11-17 10:21:00,731:INFO:PyCaret Supervised Module
2022-11-17 10:21:00,732:INFO:ML Usecase: classification
2022-11-17 10:21:00,732:INFO:version 2.3.10
2022-11-17 10:21:00,732:INFO:Initializing setup()
2022-11-17 10:21:00,733:INFO:setup(target=Churn, ml_usecase=classification, available_plots={'parameter': 'Hyperparameters', 'auc': 'AUC', 'confusion_matrix': 'Confusion Matrix', 'threshold': 'Threshold', 'pr': 'Precision Recall', 'error': 'Prediction Error', 'class_report': 'Class Report', 'rfe': 'Feature Selection', 'learning': 'Learning Curve', 'manifold': 'Manifold Learning', 'calibration': 'Calibration Curve', 'vc': 'Validation Curve', 'dimension': 'Dimensions', 'feature': 'Feature Importance', 'feature_all': 'Feature Importance (All)', 'boundary': 'Decision Boundary', 'lift': 'Lift Chart', 'gain': 'Gain Chart', 'tree': 'Decision Tree', 'ks': 'KS Statistic Plot'}, train_size=0.7, test_data=None, preprocess=True, imputation_type=simple, iterative_imputation_iters=5, categorical_features=None, categorical_imputation=constant, categorical_iterative_imputer=lightgbm, ordinal_features=None, high_cardinality_features=None, high_cardinality_method=frequency, numeric_features=None, numeric_imputation=mean, numeric_iterative_imputer=lightgbm, date_features=None, ignore_features=None, normalize=False, normalize_method=zscore, transformation=False, transformation_method=yeo-johnson, handle_unknown_categorical=True, unknown_categorical_method=least_frequent, pca=False, pca_method=linear, pca_components=None, ignore_low_variance=False, combine_rare_levels=False, rare_level_threshold=0.1, bin_numeric_features=None, remove_outliers=False, outliers_threshold=0.05, remove_multicollinearity=False, multicollinearity_threshold=0.9, remove_perfect_collinearity=True, create_clusters=False, cluster_iter=20, polynomial_features=False, polynomial_degree=2, trigonometry_features=False, polynomial_threshold=0.1, group_features=None, group_names=None, feature_selection=False, feature_selection_threshold=0.8, feature_selection_method=classic, feature_interaction=False, feature_ratio=False, interaction_threshold=0.01, fix_imbalance=False, fix_imbalance_method=None, transform_target=False, transform_target_method=box-cox, data_split_shuffle=True, data_split_stratify=False, fold_strategy=stratifiedkfold, fold=10, fold_shuffle=False, fold_groups=None, n_jobs=-1, use_gpu=False, custom_pipeline=None, html=True, session_id=None, log_experiment=True, experiment_name=churn_pred, experiment_custom_tags=None, log_plots=False, log_profile=False, log_data=False, silent=True, verbose=True, profile=False, profile_kwargs=None, display=None)
2022-11-17 10:21:00,733:INFO:Checking environment
2022-11-17 10:21:00,733:INFO:python_version: 3.8.15
2022-11-17 10:21:00,733:INFO:python_build: ('default', 'Nov  4 2022 15:16:59')
2022-11-17 10:21:00,734:INFO:machine: AMD64
2022-11-17 10:21:00,741:INFO:platform: Windows-10-10.0.22000-SP0
2022-11-17 10:21:00,744:INFO:Memory: svmem(total=17102475264, available=9241251840, percent=46.0, used=7861223424, free=9241251840)
2022-11-17 10:21:00,744:INFO:Physical Core: 8
2022-11-17 10:21:00,744:INFO:Logical Core: 16
2022-11-17 10:21:00,744:INFO:Checking libraries
2022-11-17 10:21:00,745:INFO:pd==1.5.1
2022-11-17 10:21:00,745:INFO:numpy==1.20.3
2022-11-17 10:21:00,745:INFO:sklearn==0.23.2
2022-11-17 10:21:00,745:INFO:lightgbm==3.3.3
2022-11-17 10:21:00,746:WARNING:catboost not found
2022-11-17 10:21:00,747:WARNING:xgboost not found
2022-11-17 10:21:00,747:INFO:mlflow==2.0.1
2022-11-17 10:21:00,747:INFO:Checking Exceptions
2022-11-17 10:21:00,748:INFO:Declaring global variables
2022-11-17 10:21:00,748:INFO:USI: 1d10
2022-11-17 10:21:00,748:INFO:pycaret_globals: {'stratify_param', '_available_plots', 'master_model_container', '_internal_pipeline', 'html_param', 'imputation_classifier', 'X_train', 'imputation_regressor', 'y_train', 'create_model_container', 'seed', 'fold_generator', 'y_test', 'display_container', 'transform_target_method_param', 'iterative_imputation_iters_param', 'prep_pipe', 'data_before_preprocess', '_all_models', 'pycaret_globals', 'dashboard_logger', 'fold_param', 'transform_target_param', 'fix_imbalance_param', 'gpu_param', 'exp_name_log', '_ml_usecase', 'target_param', 'fold_groups_param', '_all_metrics', 'X_test', 'y', 'n_jobs_param', 'fold_shuffle_param', 'USI', 'X', 'fold_groups_param_full', 'log_plots_param', '_gpu_n_jobs_param', '_all_models_internal', 'experiment__', 'fix_imbalance_method_param', 'logging_param'}
2022-11-17 10:21:00,748:INFO:Preparing display monitor
2022-11-17 10:21:00,749:INFO:Preparing display monitor
2022-11-17 10:21:00,754:INFO:Importing libraries
2022-11-17 10:21:00,754:INFO:Copying data for preprocessing
2022-11-17 10:21:00,757:INFO:Declaring preprocessing parameters
2022-11-17 10:21:00,758:INFO:Creating preprocessing pipeline
2022-11-17 10:21:00,772:INFO:Preprocessing pipeline created successfully
2022-11-17 10:21:00,772:ERROR:(Process Exit): setup has been interupted with user command 'quit'. setup must rerun.
2022-11-17 10:21:00,772:INFO:Creating global containers
2022-11-17 10:21:00,773:INFO:Internal pipeline: Pipeline(memory=None, steps=[('empty_step', 'passthrough')], verbose=False)
2022-11-17 10:21:36,292:WARNING:Couldn't import xgboost.XGBClassifier
2022-11-17 10:21:36,293:WARNING:Couldn't import catboost.CatBoostClassifier
2022-11-17 10:21:36,346:WARNING:Couldn't import xgboost.XGBClassifier
2022-11-17 10:21:36,347:WARNING:Couldn't import catboost.CatBoostClassifier
2022-11-17 10:21:36,347:INFO:Creating grid variables
2022-11-17 10:21:36,357:INFO:Logging experiment in MLFlow
2022-11-17 10:21:36,779:INFO:SubProcess save_model() called ==================================
2022-11-17 10:21:36,785:INFO:Initializing save_model()
2022-11-17 10:21:36,785:INFO:save_model(model=Pipeline(memory=None,
         steps=[('dtypes',
                 DataTypes_Auto_infer(categorical_features=[],
                                      display_types=False, features_todrop=[],
                                      id_columns=[],
                                      ml_usecase='classification',
                                      numerical_features=[], target='Churn',
                                      time_features=[])),
                ('imputer',
                 Simple_Imputer(categorical_strategy='not_available',
                                fill_value_categorical=None,
                                fill_value_numerical=None,
                                numeric_strat...
                ('scaling', 'passthrough'), ('P_transform', 'passthrough'),
                ('binn', 'passthrough'), ('rem_outliers', 'passthrough'),
                ('cluster_all', 'passthrough'),
                ('dummy', Dummify(target='Churn')),
                ('fix_perfect', Remove_100(target='Churn')),
                ('clean_names', Clean_Colum_Names()),
                ('feature_select', 'passthrough'), ('fix_multi', 'passthrough'),
                ('dfs', 'passthrough'), ('pca', 'passthrough')],
         verbose=False), model_name=Transformation Pipeline, prep_pipe_=Pipeline(memory=None,
         steps=[('dtypes',
                 DataTypes_Auto_infer(categorical_features=[],
                                      display_types=False, features_todrop=[],
                                      id_columns=[],
                                      ml_usecase='classification',
                                      numerical_features=[], target='Churn',
                                      time_features=[])),
                ('imputer',
                 Simple_Imputer(categorical_strategy='not_available',
                                fill_value_categorical=None,
                                fill_value_numerical=None,
                                numeric_strat...
                ('scaling', 'passthrough'), ('P_transform', 'passthrough'),
                ('binn', 'passthrough'), ('rem_outliers', 'passthrough'),
                ('cluster_all', 'passthrough'),
                ('dummy', Dummify(target='Churn')),
                ('fix_perfect', Remove_100(target='Churn')),
                ('clean_names', Clean_Colum_Names()),
                ('feature_select', 'passthrough'), ('fix_multi', 'passthrough'),
                ('dfs', 'passthrough'), ('pca', 'passthrough')],
         verbose=False), verbose=False, kwargs={})
2022-11-17 10:21:36,785:INFO:Adding model into prep_pipe
2022-11-17 10:21:36,793:WARNING:Only Model saved as it was a pipeline.
2022-11-17 10:21:36,807:INFO:Transformation Pipeline.pkl saved in current working directory
2022-11-17 10:21:36,810:INFO:Pipeline(memory=None,
         steps=[('dtypes',
                 DataTypes_Auto_infer(categorical_features=[],
                                      display_types=False, features_todrop=[],
                                      id_columns=[],
                                      ml_usecase='classification',
                                      numerical_features=[], target='Churn',
                                      time_features=[])),
                ('imputer',
                 Simple_Imputer(categorical_strategy='not_available',
                                fill_value_categorical=None,
                                fill_value_numerical=None,
                                numeric_strat...
                ('scaling', 'passthrough'), ('P_transform', 'passthrough'),
                ('binn', 'passthrough'), ('rem_outliers', 'passthrough'),
                ('cluster_all', 'passthrough'),
                ('dummy', Dummify(target='Churn')),
                ('fix_perfect', Remove_100(target='Churn')),
                ('clean_names', Clean_Colum_Names()),
                ('feature_select', 'passthrough'), ('fix_multi', 'passthrough'),
                ('dfs', 'passthrough'), ('pca', 'passthrough')],
         verbose=False)
2022-11-17 10:21:36,810:INFO:save_model() successfully completed......................................
2022-11-17 10:21:36,883:INFO:SubProcess save_model() end ==================================
2022-11-17 10:21:36,954:INFO:create_model_container: 0
2022-11-17 10:21:36,954:INFO:master_model_container: 0
2022-11-17 10:21:36,955:INFO:display_container: 1
2022-11-17 10:21:36,958:INFO:Pipeline(memory=None,
         steps=[('dtypes',
                 DataTypes_Auto_infer(categorical_features=[],
                                      display_types=False, features_todrop=[],
                                      id_columns=[],
                                      ml_usecase='classification',
                                      numerical_features=[], target='Churn',
                                      time_features=[])),
                ('imputer',
                 Simple_Imputer(categorical_strategy='not_available',
                                fill_value_categorical=None,
                                fill_value_numerical=None,
                                numeric_strat...
                ('scaling', 'passthrough'), ('P_transform', 'passthrough'),
                ('binn', 'passthrough'), ('rem_outliers', 'passthrough'),
                ('cluster_all', 'passthrough'),
                ('dummy', Dummify(target='Churn')),
                ('fix_perfect', Remove_100(target='Churn')),
                ('clean_names', Clean_Colum_Names()),
                ('feature_select', 'passthrough'), ('fix_multi', 'passthrough'),
                ('dfs', 'passthrough'), ('pca', 'passthrough')],
         verbose=False)
2022-11-17 10:21:36,958:INFO:setup() succesfully completed......................................
2022-11-17 10:54:30,048:INFO:PyCaret Supervised Module
2022-11-17 10:54:30,049:INFO:ML Usecase: classification
2022-11-17 10:54:30,049:INFO:version 2.3.10
2022-11-17 10:54:30,050:INFO:Initializing setup()
2022-11-17 10:54:30,050:INFO:setup(target=Churn, ml_usecase=classification, available_plots={'parameter': 'Hyperparameters', 'auc': 'AUC', 'confusion_matrix': 'Confusion Matrix', 'threshold': 'Threshold', 'pr': 'Precision Recall', 'error': 'Prediction Error', 'class_report': 'Class Report', 'rfe': 'Feature Selection', 'learning': 'Learning Curve', 'manifold': 'Manifold Learning', 'calibration': 'Calibration Curve', 'vc': 'Validation Curve', 'dimension': 'Dimensions', 'feature': 'Feature Importance', 'feature_all': 'Feature Importance (All)', 'boundary': 'Decision Boundary', 'lift': 'Lift Chart', 'gain': 'Gain Chart', 'tree': 'Decision Tree', 'ks': 'KS Statistic Plot'}, train_size=0.7, test_data=None, preprocess=True, imputation_type=simple, iterative_imputation_iters=5, categorical_features=None, categorical_imputation=constant, categorical_iterative_imputer=lightgbm, ordinal_features=None, high_cardinality_features=None, high_cardinality_method=frequency, numeric_features=None, numeric_imputation=mean, numeric_iterative_imputer=lightgbm, date_features=None, ignore_features=None, normalize=False, normalize_method=zscore, transformation=False, transformation_method=yeo-johnson, handle_unknown_categorical=True, unknown_categorical_method=least_frequent, pca=False, pca_method=linear, pca_components=None, ignore_low_variance=False, combine_rare_levels=False, rare_level_threshold=0.1, bin_numeric_features=None, remove_outliers=False, outliers_threshold=0.05, remove_multicollinearity=False, multicollinearity_threshold=0.9, remove_perfect_collinearity=True, create_clusters=False, cluster_iter=20, polynomial_features=False, polynomial_degree=2, trigonometry_features=False, polynomial_threshold=0.1, group_features=None, group_names=None, feature_selection=False, feature_selection_threshold=0.8, feature_selection_method=classic, feature_interaction=False, feature_ratio=False, interaction_threshold=0.01, fix_imbalance=False, fix_imbalance_method=None, transform_target=False, transform_target_method=box-cox, data_split_shuffle=True, data_split_stratify=False, fold_strategy=stratifiedkfold, fold=10, fold_shuffle=False, fold_groups=None, n_jobs=-1, use_gpu=False, custom_pipeline=None, html=True, session_id=None, log_experiment=False, experiment_name=None, experiment_custom_tags=None, log_plots=False, log_profile=False, log_data=False, silent=True, verbose=True, profile=False, profile_kwargs=None, display=None)
2022-11-17 10:54:30,050:INFO:Checking environment
2022-11-17 10:54:30,050:INFO:python_version: 3.8.15
2022-11-17 10:54:30,051:INFO:python_build: ('default', 'Nov  4 2022 15:16:59')
2022-11-17 10:54:30,051:INFO:machine: AMD64
2022-11-17 10:54:30,058:INFO:platform: Windows-10-10.0.22000-SP0
2022-11-17 10:54:30,061:INFO:Memory: svmem(total=17102475264, available=8294359040, percent=51.5, used=8808116224, free=8294359040)
2022-11-17 10:54:30,061:INFO:Physical Core: 8
2022-11-17 10:54:30,061:INFO:Logical Core: 16
2022-11-17 10:54:30,063:INFO:Checking libraries
2022-11-17 10:54:30,063:INFO:pd==1.5.1
2022-11-17 10:54:30,063:INFO:numpy==1.20.3
2022-11-17 10:54:30,064:INFO:sklearn==0.23.2
2022-11-17 10:54:30,064:INFO:lightgbm==3.3.3
2022-11-17 10:54:30,065:WARNING:catboost not found
2022-11-17 10:54:30,065:WARNING:xgboost not found
2022-11-17 10:54:30,066:INFO:mlflow==2.0.1
2022-11-17 10:54:30,066:INFO:Checking Exceptions
2022-11-17 10:54:30,066:INFO:Declaring global variables
2022-11-17 10:54:30,066:INFO:USI: 8852
2022-11-17 10:54:30,067:INFO:pycaret_globals: {'_ml_usecase', 'gpu_param', '_all_metrics', 'y', 'experiment__', 'stratify_param', '_internal_pipeline', 'iterative_imputation_iters_param', 'transform_target_param', '_available_plots', 'fix_imbalance_method_param', 'log_plots_param', 'html_param', 'fold_generator', 'imputation_classifier', 'X_train', 'logging_param', '_all_models_internal', 'create_model_container', 'transform_target_method_param', 'X', 'prep_pipe', 'n_jobs_param', 'fix_imbalance_param', 'X_test', '_all_models', 'y_train', 'imputation_regressor', 'USI', 'pycaret_globals', 'data_before_preprocess', 'master_model_container', 'fold_shuffle_param', 'exp_name_log', '_gpu_n_jobs_param', 'fold_param', 'target_param', 'y_test', 'dashboard_logger', 'seed', 'fold_groups_param', 'fold_groups_param_full', 'display_container'}
2022-11-17 10:54:30,067:INFO:Preparing display monitor
2022-11-17 10:54:30,067:INFO:Preparing display monitor
2022-11-17 10:54:30,073:INFO:Importing libraries
2022-11-17 10:54:30,073:INFO:Copying data for preprocessing
2022-11-17 10:54:30,075:INFO:Declaring preprocessing parameters
2022-11-17 10:54:30,077:INFO:Creating preprocessing pipeline
2022-11-17 10:54:30,090:INFO:Preprocessing pipeline created successfully
2022-11-17 10:54:30,090:ERROR:(Process Exit): setup has been interupted with user command 'quit'. setup must rerun.
2022-11-17 10:54:30,090:INFO:Creating global containers
2022-11-17 10:54:30,091:INFO:Internal pipeline: Pipeline(memory=None, steps=[('empty_step', 'passthrough')], verbose=False)
2022-11-17 10:54:30,409:WARNING:Couldn't import xgboost.XGBClassifier
2022-11-17 10:54:30,410:WARNING:Couldn't import catboost.CatBoostClassifier
2022-11-17 10:54:30,463:WARNING:Couldn't import xgboost.XGBClassifier
2022-11-17 10:54:30,464:WARNING:Couldn't import catboost.CatBoostClassifier
2022-11-17 10:54:30,464:INFO:Creating grid variables
2022-11-17 10:54:30,473:INFO:create_model_container: 0
2022-11-17 10:54:30,473:INFO:master_model_container: 0
2022-11-17 10:54:30,474:INFO:display_container: 1
2022-11-17 10:54:30,477:INFO:Pipeline(memory=None,
         steps=[('dtypes',
                 DataTypes_Auto_infer(categorical_features=[],
                                      display_types=False, features_todrop=[],
                                      id_columns=[],
                                      ml_usecase='classification',
                                      numerical_features=[], target='Churn',
                                      time_features=[])),
                ('imputer',
                 Simple_Imputer(categorical_strategy='not_available',
                                fill_value_categorical=None,
                                fill_value_numerical=None,
                                numeric_strat...
                ('scaling', 'passthrough'), ('P_transform', 'passthrough'),
                ('binn', 'passthrough'), ('rem_outliers', 'passthrough'),
                ('cluster_all', 'passthrough'),
                ('dummy', Dummify(target='Churn')),
                ('fix_perfect', Remove_100(target='Churn')),
                ('clean_names', Clean_Colum_Names()),
                ('feature_select', 'passthrough'), ('fix_multi', 'passthrough'),
                ('dfs', 'passthrough'), ('pca', 'passthrough')],
         verbose=False)
2022-11-17 10:54:30,477:INFO:setup() succesfully completed......................................
2022-11-17 10:55:31,622:INFO:PyCaret Supervised Module
2022-11-17 10:55:31,623:INFO:ML Usecase: classification
2022-11-17 10:55:31,623:INFO:version 2.3.10
2022-11-17 10:55:31,624:INFO:Initializing setup()
2022-11-17 10:55:31,624:INFO:setup(target=Churn, ml_usecase=classification, available_plots={'parameter': 'Hyperparameters', 'auc': 'AUC', 'confusion_matrix': 'Confusion Matrix', 'threshold': 'Threshold', 'pr': 'Precision Recall', 'error': 'Prediction Error', 'class_report': 'Class Report', 'rfe': 'Feature Selection', 'learning': 'Learning Curve', 'manifold': 'Manifold Learning', 'calibration': 'Calibration Curve', 'vc': 'Validation Curve', 'dimension': 'Dimensions', 'feature': 'Feature Importance', 'feature_all': 'Feature Importance (All)', 'boundary': 'Decision Boundary', 'lift': 'Lift Chart', 'gain': 'Gain Chart', 'tree': 'Decision Tree', 'ks': 'KS Statistic Plot'}, train_size=0.7, test_data=None, preprocess=True, imputation_type=simple, iterative_imputation_iters=5, categorical_features=None, categorical_imputation=constant, categorical_iterative_imputer=lightgbm, ordinal_features=None, high_cardinality_features=None, high_cardinality_method=frequency, numeric_features=None, numeric_imputation=mean, numeric_iterative_imputer=lightgbm, date_features=None, ignore_features=None, normalize=False, normalize_method=zscore, transformation=False, transformation_method=yeo-johnson, handle_unknown_categorical=True, unknown_categorical_method=least_frequent, pca=False, pca_method=linear, pca_components=None, ignore_low_variance=False, combine_rare_levels=False, rare_level_threshold=0.1, bin_numeric_features=None, remove_outliers=False, outliers_threshold=0.05, remove_multicollinearity=False, multicollinearity_threshold=0.9, remove_perfect_collinearity=True, create_clusters=False, cluster_iter=20, polynomial_features=False, polynomial_degree=2, trigonometry_features=False, polynomial_threshold=0.1, group_features=None, group_names=None, feature_selection=False, feature_selection_threshold=0.8, feature_selection_method=classic, feature_interaction=False, feature_ratio=False, interaction_threshold=0.01, fix_imbalance=False, fix_imbalance_method=None, transform_target=False, transform_target_method=box-cox, data_split_shuffle=True, data_split_stratify=False, fold_strategy=stratifiedkfold, fold=10, fold_shuffle=False, fold_groups=None, n_jobs=-1, use_gpu=False, custom_pipeline=None, html=True, session_id=None, log_experiment=False, experiment_name=None, experiment_custom_tags=None, log_plots=False, log_profile=False, log_data=False, silent=True, verbose=True, profile=False, profile_kwargs=None, display=None)
2022-11-17 10:55:31,624:INFO:Checking environment
2022-11-17 10:55:31,625:INFO:python_version: 3.8.15
2022-11-17 10:55:31,625:INFO:python_build: ('default', 'Nov  4 2022 15:16:59')
2022-11-17 10:55:31,625:INFO:machine: AMD64
2022-11-17 10:55:31,632:INFO:platform: Windows-10-10.0.22000-SP0
2022-11-17 10:55:31,636:INFO:Memory: svmem(total=17102475264, available=8405065728, percent=50.9, used=8697409536, free=8405065728)
2022-11-17 10:55:31,636:INFO:Physical Core: 8
2022-11-17 10:55:31,636:INFO:Logical Core: 16
2022-11-17 10:55:31,636:INFO:Checking libraries
2022-11-17 10:55:31,637:INFO:pd==1.5.1
2022-11-17 10:55:31,638:INFO:numpy==1.20.3
2022-11-17 10:55:31,638:INFO:sklearn==0.23.2
2022-11-17 10:55:31,638:INFO:lightgbm==3.3.3
2022-11-17 10:55:31,639:WARNING:catboost not found
2022-11-17 10:55:31,640:WARNING:xgboost not found
2022-11-17 10:55:31,640:INFO:mlflow==2.0.1
2022-11-17 10:55:31,640:INFO:Checking Exceptions
2022-11-17 10:55:31,641:INFO:Declaring global variables
2022-11-17 10:55:31,641:INFO:USI: 41da
2022-11-17 10:55:31,641:INFO:pycaret_globals: {'y_test', 'target_param', 'pycaret_globals', 'logging_param', 'fold_groups_param', 'prep_pipe', '_internal_pipeline', 'y_train', 'seed', 'iterative_imputation_iters_param', 'USI', 'html_param', '_all_models_internal', 'fold_groups_param_full', 'create_model_container', '_gpu_n_jobs_param', 'transform_target_param', 'dashboard_logger', 'stratify_param', 'exp_name_log', '_all_models', '_available_plots', 'imputation_regressor', 'n_jobs_param', 'log_plots_param', 'fold_generator', 'transform_target_method_param', '_all_metrics', 'imputation_classifier', 'display_container', 'fix_imbalance_param', 'fold_param', 'X', '_ml_usecase', 'data_before_preprocess', 'fix_imbalance_method_param', 'X_test', 'experiment__', 'master_model_container', 'X_train', 'fold_shuffle_param', 'gpu_param', 'y'}
2022-11-17 10:55:31,641:INFO:Preparing display monitor
2022-11-17 10:55:31,642:INFO:Preparing display monitor
2022-11-17 10:55:31,647:INFO:Importing libraries
2022-11-17 10:55:31,647:INFO:Copying data for preprocessing
2022-11-17 10:55:31,649:INFO:Declaring preprocessing parameters
2022-11-17 10:55:31,651:INFO:Creating preprocessing pipeline
2022-11-17 10:55:31,663:INFO:Preprocessing pipeline created successfully
2022-11-17 10:55:31,663:ERROR:(Process Exit): setup has been interupted with user command 'quit'. setup must rerun.
2022-11-17 10:55:31,664:INFO:Creating global containers
2022-11-17 10:55:31,665:INFO:Internal pipeline: Pipeline(memory=None, steps=[('empty_step', 'passthrough')], verbose=False)
2022-11-17 10:55:31,981:WARNING:Couldn't import xgboost.XGBClassifier
2022-11-17 10:55:31,982:WARNING:Couldn't import catboost.CatBoostClassifier
2022-11-17 10:55:32,033:WARNING:Couldn't import xgboost.XGBClassifier
2022-11-17 10:55:32,034:WARNING:Couldn't import catboost.CatBoostClassifier
2022-11-17 10:55:32,034:INFO:Creating grid variables
2022-11-17 10:55:32,043:INFO:create_model_container: 0
2022-11-17 10:55:32,044:INFO:master_model_container: 0
2022-11-17 10:55:32,044:INFO:display_container: 1
2022-11-17 10:55:32,047:INFO:Pipeline(memory=None,
         steps=[('dtypes',
                 DataTypes_Auto_infer(categorical_features=[],
                                      display_types=False, features_todrop=[],
                                      id_columns=[],
                                      ml_usecase='classification',
                                      numerical_features=[], target='Churn',
                                      time_features=[])),
                ('imputer',
                 Simple_Imputer(categorical_strategy='not_available',
                                fill_value_categorical=None,
                                fill_value_numerical=None,
                                numeric_strat...
                ('scaling', 'passthrough'), ('P_transform', 'passthrough'),
                ('binn', 'passthrough'), ('rem_outliers', 'passthrough'),
                ('cluster_all', 'passthrough'),
                ('dummy', Dummify(target='Churn')),
                ('fix_perfect', Remove_100(target='Churn')),
                ('clean_names', Clean_Colum_Names()),
                ('feature_select', 'passthrough'), ('fix_multi', 'passthrough'),
                ('dfs', 'passthrough'), ('pca', 'passthrough')],
         verbose=False)
2022-11-17 10:55:32,047:INFO:setup() succesfully completed......................................
2022-11-17 10:55:38,589:INFO:PyCaret Supervised Module
2022-11-17 10:55:38,590:INFO:ML Usecase: classification
2022-11-17 10:55:38,591:INFO:version 2.3.10
2022-11-17 10:55:38,591:INFO:Initializing setup()
2022-11-17 10:55:38,591:INFO:setup(target=Churn, ml_usecase=classification, available_plots={'parameter': 'Hyperparameters', 'auc': 'AUC', 'confusion_matrix': 'Confusion Matrix', 'threshold': 'Threshold', 'pr': 'Precision Recall', 'error': 'Prediction Error', 'class_report': 'Class Report', 'rfe': 'Feature Selection', 'learning': 'Learning Curve', 'manifold': 'Manifold Learning', 'calibration': 'Calibration Curve', 'vc': 'Validation Curve', 'dimension': 'Dimensions', 'feature': 'Feature Importance', 'feature_all': 'Feature Importance (All)', 'boundary': 'Decision Boundary', 'lift': 'Lift Chart', 'gain': 'Gain Chart', 'tree': 'Decision Tree', 'ks': 'KS Statistic Plot'}, train_size=0.7, test_data=None, preprocess=True, imputation_type=simple, iterative_imputation_iters=5, categorical_features=None, categorical_imputation=constant, categorical_iterative_imputer=lightgbm, ordinal_features=None, high_cardinality_features=None, high_cardinality_method=frequency, numeric_features=None, numeric_imputation=mean, numeric_iterative_imputer=lightgbm, date_features=None, ignore_features=None, normalize=False, normalize_method=zscore, transformation=False, transformation_method=yeo-johnson, handle_unknown_categorical=True, unknown_categorical_method=least_frequent, pca=False, pca_method=linear, pca_components=None, ignore_low_variance=False, combine_rare_levels=False, rare_level_threshold=0.1, bin_numeric_features=None, remove_outliers=False, outliers_threshold=0.05, remove_multicollinearity=False, multicollinearity_threshold=0.9, remove_perfect_collinearity=True, create_clusters=False, cluster_iter=20, polynomial_features=False, polynomial_degree=2, trigonometry_features=False, polynomial_threshold=0.1, group_features=None, group_names=None, feature_selection=False, feature_selection_threshold=0.8, feature_selection_method=classic, feature_interaction=False, feature_ratio=False, interaction_threshold=0.01, fix_imbalance=False, fix_imbalance_method=None, transform_target=False, transform_target_method=box-cox, data_split_shuffle=True, data_split_stratify=False, fold_strategy=stratifiedkfold, fold=10, fold_shuffle=False, fold_groups=None, n_jobs=-1, use_gpu=False, custom_pipeline=None, html=True, session_id=None, log_experiment=False, experiment_name=None, experiment_custom_tags=None, log_plots=False, log_profile=False, log_data=False, silent=True, verbose=True, profile=False, profile_kwargs=None, display=None)
2022-11-17 10:55:38,591:INFO:Checking environment
2022-11-17 10:55:38,592:INFO:python_version: 3.8.15
2022-11-17 10:55:38,592:INFO:python_build: ('default', 'Nov  4 2022 15:16:59')
2022-11-17 10:55:38,592:INFO:machine: AMD64
2022-11-17 10:55:38,598:INFO:platform: Windows-10-10.0.22000-SP0
2022-11-17 10:55:38,602:INFO:Memory: svmem(total=17102475264, available=8413319168, percent=50.8, used=8689156096, free=8413319168)
2022-11-17 10:55:38,602:INFO:Physical Core: 8
2022-11-17 10:55:38,603:INFO:Logical Core: 16
2022-11-17 10:55:38,603:INFO:Checking libraries
2022-11-17 10:55:38,603:INFO:pd==1.5.1
2022-11-17 10:55:38,603:INFO:numpy==1.20.3
2022-11-17 10:55:38,604:INFO:sklearn==0.23.2
2022-11-17 10:55:38,604:INFO:lightgbm==3.3.3
2022-11-17 10:55:38,605:WARNING:catboost not found
2022-11-17 10:55:38,606:WARNING:xgboost not found
2022-11-17 10:55:38,606:INFO:mlflow==2.0.1
2022-11-17 10:55:38,607:INFO:Checking Exceptions
2022-11-17 10:55:38,607:INFO:Declaring global variables
2022-11-17 10:55:38,607:INFO:USI: fa54
2022-11-17 10:55:38,607:INFO:pycaret_globals: {'logging_param', 'exp_name_log', 'n_jobs_param', 'pycaret_globals', 'stratify_param', 'y_test', 'X_test', 'transform_target_method_param', 'imputation_classifier', '_gpu_n_jobs_param', 'fold_shuffle_param', 'X_train', 'master_model_container', 'experiment__', 'y_train', 'X', 'prep_pipe', '_all_models', 'gpu_param', 'transform_target_param', '_internal_pipeline', 'dashboard_logger', 'iterative_imputation_iters_param', 'display_container', 'target_param', 'html_param', 'data_before_preprocess', 'create_model_container', '_available_plots', 'y', 'log_plots_param', 'seed', '_all_metrics', '_ml_usecase', 'imputation_regressor', 'fix_imbalance_method_param', 'fold_groups_param', 'fold_groups_param_full', 'fix_imbalance_param', 'fold_generator', '_all_models_internal', 'fold_param', 'USI'}
2022-11-17 10:55:38,608:INFO:Preparing display monitor
2022-11-17 10:55:38,608:INFO:Preparing display monitor
2022-11-17 10:55:38,613:INFO:Importing libraries
2022-11-17 10:55:38,613:INFO:Copying data for preprocessing
2022-11-17 10:55:38,615:INFO:Declaring preprocessing parameters
2022-11-17 10:55:38,617:INFO:Creating preprocessing pipeline
2022-11-17 10:55:38,630:INFO:Preprocessing pipeline created successfully
2022-11-17 10:55:38,630:ERROR:(Process Exit): setup has been interupted with user command 'quit'. setup must rerun.
2022-11-17 10:55:38,630:INFO:Creating global containers
2022-11-17 10:55:38,631:INFO:Internal pipeline: Pipeline(memory=None, steps=[('empty_step', 'passthrough')], verbose=False)
2022-11-17 10:55:38,946:WARNING:Couldn't import xgboost.XGBClassifier
2022-11-17 10:55:38,947:WARNING:Couldn't import catboost.CatBoostClassifier
2022-11-17 10:55:38,999:WARNING:Couldn't import xgboost.XGBClassifier
2022-11-17 10:55:39,000:WARNING:Couldn't import catboost.CatBoostClassifier
2022-11-17 10:55:39,000:INFO:Creating grid variables
2022-11-17 10:55:39,009:INFO:create_model_container: 0
2022-11-17 10:55:39,009:INFO:master_model_container: 0
2022-11-17 10:55:39,010:INFO:display_container: 1
2022-11-17 10:55:39,013:INFO:Pipeline(memory=None,
         steps=[('dtypes',
                 DataTypes_Auto_infer(categorical_features=[],
                                      display_types=False, features_todrop=[],
                                      id_columns=[],
                                      ml_usecase='classification',
                                      numerical_features=[], target='Churn',
                                      time_features=[])),
                ('imputer',
                 Simple_Imputer(categorical_strategy='not_available',
                                fill_value_categorical=None,
                                fill_value_numerical=None,
                                numeric_strat...
                ('scaling', 'passthrough'), ('P_transform', 'passthrough'),
                ('binn', 'passthrough'), ('rem_outliers', 'passthrough'),
                ('cluster_all', 'passthrough'),
                ('dummy', Dummify(target='Churn')),
                ('fix_perfect', Remove_100(target='Churn')),
                ('clean_names', Clean_Colum_Names()),
                ('feature_select', 'passthrough'), ('fix_multi', 'passthrough'),
                ('dfs', 'passthrough'), ('pca', 'passthrough')],
         verbose=False)
2022-11-17 10:55:39,013:INFO:setup() succesfully completed......................................
2022-11-17 10:55:53,167:INFO:PyCaret Supervised Module
2022-11-17 10:55:53,168:INFO:ML Usecase: classification
2022-11-17 10:55:53,169:INFO:version 2.3.10
2022-11-17 10:55:53,169:INFO:Initializing setup()
2022-11-17 10:55:53,169:INFO:setup(target=Churn, ml_usecase=classification, available_plots={'parameter': 'Hyperparameters', 'auc': 'AUC', 'confusion_matrix': 'Confusion Matrix', 'threshold': 'Threshold', 'pr': 'Precision Recall', 'error': 'Prediction Error', 'class_report': 'Class Report', 'rfe': 'Feature Selection', 'learning': 'Learning Curve', 'manifold': 'Manifold Learning', 'calibration': 'Calibration Curve', 'vc': 'Validation Curve', 'dimension': 'Dimensions', 'feature': 'Feature Importance', 'feature_all': 'Feature Importance (All)', 'boundary': 'Decision Boundary', 'lift': 'Lift Chart', 'gain': 'Gain Chart', 'tree': 'Decision Tree', 'ks': 'KS Statistic Plot'}, train_size=0.7, test_data=None, preprocess=True, imputation_type=simple, iterative_imputation_iters=5, categorical_features=None, categorical_imputation=constant, categorical_iterative_imputer=lightgbm, ordinal_features=None, high_cardinality_features=None, high_cardinality_method=frequency, numeric_features=None, numeric_imputation=mean, numeric_iterative_imputer=lightgbm, date_features=None, ignore_features=None, normalize=False, normalize_method=zscore, transformation=False, transformation_method=yeo-johnson, handle_unknown_categorical=True, unknown_categorical_method=least_frequent, pca=False, pca_method=linear, pca_components=None, ignore_low_variance=False, combine_rare_levels=False, rare_level_threshold=0.1, bin_numeric_features=None, remove_outliers=False, outliers_threshold=0.05, remove_multicollinearity=False, multicollinearity_threshold=0.9, remove_perfect_collinearity=True, create_clusters=False, cluster_iter=20, polynomial_features=False, polynomial_degree=2, trigonometry_features=False, polynomial_threshold=0.1, group_features=None, group_names=None, feature_selection=False, feature_selection_threshold=0.8, feature_selection_method=classic, feature_interaction=False, feature_ratio=False, interaction_threshold=0.01, fix_imbalance=False, fix_imbalance_method=None, transform_target=False, transform_target_method=box-cox, data_split_shuffle=True, data_split_stratify=False, fold_strategy=stratifiedkfold, fold=10, fold_shuffle=False, fold_groups=None, n_jobs=-1, use_gpu=False, custom_pipeline=None, html=True, session_id=None, log_experiment=False, experiment_name=None, experiment_custom_tags=None, log_plots=False, log_profile=False, log_data=False, silent=True, verbose=True, profile=False, profile_kwargs=None, display=None)
2022-11-17 10:55:53,170:INFO:Checking environment
2022-11-17 10:55:53,170:INFO:python_version: 3.8.15
2022-11-17 10:55:53,170:INFO:python_build: ('default', 'Nov  4 2022 15:16:59')
2022-11-17 10:55:53,170:INFO:machine: AMD64
2022-11-17 10:55:53,178:INFO:platform: Windows-10-10.0.22000-SP0
2022-11-17 10:55:53,181:INFO:Memory: svmem(total=17102475264, available=8397176832, percent=50.9, used=8705298432, free=8397176832)
2022-11-17 10:55:53,181:INFO:Physical Core: 8
2022-11-17 10:55:53,181:INFO:Logical Core: 16
2022-11-17 10:55:53,182:INFO:Checking libraries
2022-11-17 10:55:53,182:INFO:pd==1.5.1
2022-11-17 10:55:53,182:INFO:numpy==1.20.3
2022-11-17 10:55:53,183:INFO:sklearn==0.23.2
2022-11-17 10:55:53,183:INFO:lightgbm==3.3.3
2022-11-17 10:55:53,184:WARNING:catboost not found
2022-11-17 10:55:53,185:WARNING:xgboost not found
2022-11-17 10:55:53,185:INFO:mlflow==2.0.1
2022-11-17 10:55:53,185:INFO:Checking Exceptions
2022-11-17 10:55:53,186:INFO:Declaring global variables
2022-11-17 10:55:53,186:INFO:USI: 6686
2022-11-17 10:55:53,186:INFO:pycaret_globals: {'fold_param', 'data_before_preprocess', 'dashboard_logger', '_all_models', 'USI', 'y_test', 'log_plots_param', 'stratify_param', '_internal_pipeline', 'n_jobs_param', 'master_model_container', 'y', 'X_test', 'exp_name_log', 'fold_generator', 'prep_pipe', 'gpu_param', 'html_param', 'fold_shuffle_param', 'display_container', '_ml_usecase', 'fold_groups_param_full', 'experiment__', '_all_metrics', 'fix_imbalance_param', 'fold_groups_param', 'target_param', 'X_train', 'pycaret_globals', 'seed', 'transform_target_param', '_available_plots', 'imputation_classifier', 'create_model_container', 'iterative_imputation_iters_param', 'imputation_regressor', '_gpu_n_jobs_param', 'X', 'transform_target_method_param', 'y_train', '_all_models_internal', 'logging_param', 'fix_imbalance_method_param'}
2022-11-17 10:55:53,186:INFO:Preparing display monitor
2022-11-17 10:55:53,186:INFO:Preparing display monitor
2022-11-17 10:55:53,192:INFO:Importing libraries
2022-11-17 10:55:53,192:INFO:Copying data for preprocessing
2022-11-17 10:55:53,195:INFO:Declaring preprocessing parameters
2022-11-17 10:55:53,196:INFO:Creating preprocessing pipeline
2022-11-17 10:55:53,209:INFO:Preprocessing pipeline created successfully
2022-11-17 10:55:53,209:ERROR:(Process Exit): setup has been interupted with user command 'quit'. setup must rerun.
2022-11-17 10:55:53,209:INFO:Creating global containers
2022-11-17 10:55:53,210:INFO:Internal pipeline: Pipeline(memory=None, steps=[('empty_step', 'passthrough')], verbose=False)
2022-11-17 10:55:53,529:WARNING:Couldn't import xgboost.XGBClassifier
2022-11-17 10:55:53,531:WARNING:Couldn't import catboost.CatBoostClassifier
2022-11-17 10:55:53,582:WARNING:Couldn't import xgboost.XGBClassifier
2022-11-17 10:55:53,583:WARNING:Couldn't import catboost.CatBoostClassifier
2022-11-17 10:55:53,583:INFO:Creating grid variables
2022-11-17 10:55:53,592:INFO:create_model_container: 0
2022-11-17 10:55:53,592:INFO:master_model_container: 0
2022-11-17 10:55:53,593:INFO:display_container: 1
2022-11-17 10:55:53,596:INFO:Pipeline(memory=None,
         steps=[('dtypes',
                 DataTypes_Auto_infer(categorical_features=[],
                                      display_types=False, features_todrop=[],
                                      id_columns=[],
                                      ml_usecase='classification',
                                      numerical_features=[], target='Churn',
                                      time_features=[])),
                ('imputer',
                 Simple_Imputer(categorical_strategy='not_available',
                                fill_value_categorical=None,
                                fill_value_numerical=None,
                                numeric_strat...
                ('scaling', 'passthrough'), ('P_transform', 'passthrough'),
                ('binn', 'passthrough'), ('rem_outliers', 'passthrough'),
                ('cluster_all', 'passthrough'),
                ('dummy', Dummify(target='Churn')),
                ('fix_perfect', Remove_100(target='Churn')),
                ('clean_names', Clean_Colum_Names()),
                ('feature_select', 'passthrough'), ('fix_multi', 'passthrough'),
                ('dfs', 'passthrough'), ('pca', 'passthrough')],
         verbose=False)
2022-11-17 10:55:53,596:INFO:setup() succesfully completed......................................
2022-11-17 10:55:57,796:INFO:PyCaret Supervised Module
2022-11-17 10:55:57,798:INFO:ML Usecase: classification
2022-11-17 10:55:57,798:INFO:version 2.3.10
2022-11-17 10:55:57,798:INFO:Initializing setup()
2022-11-17 10:55:57,798:INFO:setup(target=Churn, ml_usecase=classification, available_plots={'parameter': 'Hyperparameters', 'auc': 'AUC', 'confusion_matrix': 'Confusion Matrix', 'threshold': 'Threshold', 'pr': 'Precision Recall', 'error': 'Prediction Error', 'class_report': 'Class Report', 'rfe': 'Feature Selection', 'learning': 'Learning Curve', 'manifold': 'Manifold Learning', 'calibration': 'Calibration Curve', 'vc': 'Validation Curve', 'dimension': 'Dimensions', 'feature': 'Feature Importance', 'feature_all': 'Feature Importance (All)', 'boundary': 'Decision Boundary', 'lift': 'Lift Chart', 'gain': 'Gain Chart', 'tree': 'Decision Tree', 'ks': 'KS Statistic Plot'}, train_size=0.7, test_data=None, preprocess=True, imputation_type=simple, iterative_imputation_iters=5, categorical_features=None, categorical_imputation=constant, categorical_iterative_imputer=lightgbm, ordinal_features=None, high_cardinality_features=None, high_cardinality_method=frequency, numeric_features=None, numeric_imputation=mean, numeric_iterative_imputer=lightgbm, date_features=None, ignore_features=None, normalize=False, normalize_method=zscore, transformation=False, transformation_method=yeo-johnson, handle_unknown_categorical=True, unknown_categorical_method=least_frequent, pca=False, pca_method=linear, pca_components=None, ignore_low_variance=False, combine_rare_levels=False, rare_level_threshold=0.1, bin_numeric_features=None, remove_outliers=False, outliers_threshold=0.05, remove_multicollinearity=False, multicollinearity_threshold=0.9, remove_perfect_collinearity=True, create_clusters=False, cluster_iter=20, polynomial_features=False, polynomial_degree=2, trigonometry_features=False, polynomial_threshold=0.1, group_features=None, group_names=None, feature_selection=False, feature_selection_threshold=0.8, feature_selection_method=classic, feature_interaction=False, feature_ratio=False, interaction_threshold=0.01, fix_imbalance=False, fix_imbalance_method=None, transform_target=False, transform_target_method=box-cox, data_split_shuffle=True, data_split_stratify=False, fold_strategy=stratifiedkfold, fold=10, fold_shuffle=False, fold_groups=None, n_jobs=-1, use_gpu=False, custom_pipeline=None, html=True, session_id=None, log_experiment=False, experiment_name=None, experiment_custom_tags=None, log_plots=False, log_profile=False, log_data=False, silent=True, verbose=True, profile=False, profile_kwargs=None, display=None)
2022-11-17 10:55:57,799:INFO:Checking environment
2022-11-17 10:55:57,799:INFO:python_version: 3.8.15
2022-11-17 10:55:57,799:INFO:python_build: ('default', 'Nov  4 2022 15:16:59')
2022-11-17 10:55:57,799:INFO:machine: AMD64
2022-11-17 10:55:57,806:INFO:platform: Windows-10-10.0.22000-SP0
2022-11-17 10:55:57,810:INFO:Memory: svmem(total=17102475264, available=8401002496, percent=50.9, used=8701472768, free=8401002496)
2022-11-17 10:55:57,810:INFO:Physical Core: 8
2022-11-17 10:55:57,810:INFO:Logical Core: 16
2022-11-17 10:55:57,810:INFO:Checking libraries
2022-11-17 10:55:57,811:INFO:pd==1.5.1
2022-11-17 10:55:57,811:INFO:numpy==1.20.3
2022-11-17 10:55:57,811:INFO:sklearn==0.23.2
2022-11-17 10:55:57,811:INFO:lightgbm==3.3.3
2022-11-17 10:55:57,812:WARNING:catboost not found
2022-11-17 10:55:57,813:WARNING:xgboost not found
2022-11-17 10:55:57,813:INFO:mlflow==2.0.1
2022-11-17 10:55:57,813:INFO:Checking Exceptions
2022-11-17 10:55:57,813:INFO:Declaring global variables
2022-11-17 10:55:57,814:INFO:USI: abb6
2022-11-17 10:55:57,814:INFO:pycaret_globals: {'fix_imbalance_method_param', 'transform_target_param', 'fix_imbalance_param', 'y_test', 'imputation_regressor', 'X_test', 'seed', 'X', 'dashboard_logger', 'y_train', 'fold_param', 'html_param', '_available_plots', 'fold_generator', 'gpu_param', 'fold_groups_param_full', 'log_plots_param', 'master_model_container', '_ml_usecase', 'USI', 'target_param', '_all_metrics', 'prep_pipe', '_all_models_internal', 'data_before_preprocess', 'pycaret_globals', 'logging_param', 'create_model_container', 'X_train', 'display_container', 'stratify_param', 'transform_target_method_param', 'fold_shuffle_param', 'experiment__', '_all_models', 'n_jobs_param', 'imputation_classifier', 'fold_groups_param', '_internal_pipeline', '_gpu_n_jobs_param', 'iterative_imputation_iters_param', 'exp_name_log', 'y'}
2022-11-17 10:55:57,814:INFO:Preparing display monitor
2022-11-17 10:55:57,814:INFO:Preparing display monitor
2022-11-17 10:55:57,820:INFO:Importing libraries
2022-11-17 10:55:57,820:INFO:Copying data for preprocessing
2022-11-17 10:55:57,822:INFO:Declaring preprocessing parameters
2022-11-17 10:55:57,824:INFO:Creating preprocessing pipeline
2022-11-17 10:55:57,837:INFO:Preprocessing pipeline created successfully
2022-11-17 10:55:57,837:ERROR:(Process Exit): setup has been interupted with user command 'quit'. setup must rerun.
2022-11-17 10:55:57,838:INFO:Creating global containers
2022-11-17 10:55:57,838:INFO:Internal pipeline: Pipeline(memory=None, steps=[('empty_step', 'passthrough')], verbose=False)
2022-11-17 10:55:58,153:WARNING:Couldn't import xgboost.XGBClassifier
2022-11-17 10:55:58,154:WARNING:Couldn't import catboost.CatBoostClassifier
2022-11-17 10:55:58,205:WARNING:Couldn't import xgboost.XGBClassifier
2022-11-17 10:55:58,206:WARNING:Couldn't import catboost.CatBoostClassifier
2022-11-17 10:55:58,207:INFO:Creating grid variables
2022-11-17 10:55:58,215:INFO:create_model_container: 0
2022-11-17 10:55:58,216:INFO:master_model_container: 0
2022-11-17 10:55:58,216:INFO:display_container: 1
2022-11-17 10:55:58,219:INFO:Pipeline(memory=None,
         steps=[('dtypes',
                 DataTypes_Auto_infer(categorical_features=[],
                                      display_types=False, features_todrop=[],
                                      id_columns=[],
                                      ml_usecase='classification',
                                      numerical_features=[], target='Churn',
                                      time_features=[])),
                ('imputer',
                 Simple_Imputer(categorical_strategy='not_available',
                                fill_value_categorical=None,
                                fill_value_numerical=None,
                                numeric_strat...
                ('scaling', 'passthrough'), ('P_transform', 'passthrough'),
                ('binn', 'passthrough'), ('rem_outliers', 'passthrough'),
                ('cluster_all', 'passthrough'),
                ('dummy', Dummify(target='Churn')),
                ('fix_perfect', Remove_100(target='Churn')),
                ('clean_names', Clean_Colum_Names()),
                ('feature_select', 'passthrough'), ('fix_multi', 'passthrough'),
                ('dfs', 'passthrough'), ('pca', 'passthrough')],
         verbose=False)
2022-11-17 10:55:58,220:INFO:setup() succesfully completed......................................
2022-11-17 11:04:49,998:INFO:PyCaret Supervised Module
2022-11-17 11:04:49,999:INFO:ML Usecase: classification
2022-11-17 11:04:50,000:INFO:version 2.3.10
2022-11-17 11:04:50,000:INFO:Initializing setup()
2022-11-17 11:04:50,000:INFO:setup(target=Churn, ml_usecase=classification, available_plots={'parameter': 'Hyperparameters', 'auc': 'AUC', 'confusion_matrix': 'Confusion Matrix', 'threshold': 'Threshold', 'pr': 'Precision Recall', 'error': 'Prediction Error', 'class_report': 'Class Report', 'rfe': 'Feature Selection', 'learning': 'Learning Curve', 'manifold': 'Manifold Learning', 'calibration': 'Calibration Curve', 'vc': 'Validation Curve', 'dimension': 'Dimensions', 'feature': 'Feature Importance', 'feature_all': 'Feature Importance (All)', 'boundary': 'Decision Boundary', 'lift': 'Lift Chart', 'gain': 'Gain Chart', 'tree': 'Decision Tree', 'ks': 'KS Statistic Plot'}, train_size=0.7, test_data=None, preprocess=True, imputation_type=simple, iterative_imputation_iters=5, categorical_features=None, categorical_imputation=constant, categorical_iterative_imputer=lightgbm, ordinal_features=None, high_cardinality_features=None, high_cardinality_method=frequency, numeric_features=None, numeric_imputation=mean, numeric_iterative_imputer=lightgbm, date_features=None, ignore_features=None, normalize=False, normalize_method=zscore, transformation=False, transformation_method=yeo-johnson, handle_unknown_categorical=True, unknown_categorical_method=least_frequent, pca=False, pca_method=linear, pca_components=None, ignore_low_variance=False, combine_rare_levels=False, rare_level_threshold=0.1, bin_numeric_features=None, remove_outliers=False, outliers_threshold=0.05, remove_multicollinearity=False, multicollinearity_threshold=0.9, remove_perfect_collinearity=True, create_clusters=False, cluster_iter=20, polynomial_features=False, polynomial_degree=2, trigonometry_features=False, polynomial_threshold=0.1, group_features=None, group_names=None, feature_selection=False, feature_selection_threshold=0.8, feature_selection_method=classic, feature_interaction=False, feature_ratio=False, interaction_threshold=0.01, fix_imbalance=False, fix_imbalance_method=None, transform_target=False, transform_target_method=box-cox, data_split_shuffle=True, data_split_stratify=False, fold_strategy=stratifiedkfold, fold=10, fold_shuffle=False, fold_groups=None, n_jobs=-1, use_gpu=False, custom_pipeline=None, html=True, session_id=None, log_experiment=False, experiment_name=None, experiment_custom_tags=None, log_plots=False, log_profile=False, log_data=False, silent=True, verbose=True, profile=False, profile_kwargs=None, display=None)
2022-11-17 11:04:50,000:INFO:Checking environment
2022-11-17 11:04:50,001:INFO:python_version: 3.8.15
2022-11-17 11:04:50,001:INFO:python_build: ('default', 'Nov  4 2022 15:16:59')
2022-11-17 11:04:50,001:INFO:machine: AMD64
2022-11-17 11:04:50,009:INFO:platform: Windows-10-10.0.22000-SP0
2022-11-17 11:04:50,013:INFO:Memory: svmem(total=17102475264, available=8198500352, percent=52.1, used=8903974912, free=8198500352)
2022-11-17 11:04:50,013:INFO:Physical Core: 8
2022-11-17 11:04:50,013:INFO:Logical Core: 16
2022-11-17 11:04:50,013:INFO:Checking libraries
2022-11-17 11:04:50,014:INFO:pd==1.5.1
2022-11-17 11:04:50,014:INFO:numpy==1.20.3
2022-11-17 11:04:50,014:INFO:sklearn==0.23.2
2022-11-17 11:04:50,015:INFO:lightgbm==3.3.3
2022-11-17 11:04:50,016:WARNING:catboost not found
2022-11-17 11:04:50,017:WARNING:xgboost not found
2022-11-17 11:04:50,017:INFO:mlflow==2.0.1
2022-11-17 11:04:50,017:INFO:Checking Exceptions
2022-11-17 11:04:50,017:INFO:Declaring global variables
2022-11-17 11:04:50,018:INFO:USI: 64c1
2022-11-17 11:04:50,018:INFO:pycaret_globals: {'fold_shuffle_param', 'fix_imbalance_param', 'fold_groups_param_full', 'USI', 'exp_name_log', 'logging_param', 'pycaret_globals', 'y_test', 'X_train', 'log_plots_param', 'transform_target_method_param', 'html_param', 'n_jobs_param', '_all_metrics', 'y_train', 'prep_pipe', '_gpu_n_jobs_param', 'target_param', 'seed', 'imputation_regressor', 'fold_groups_param', '_ml_usecase', 'create_model_container', '_all_models', 'display_container', 'stratify_param', 'dashboard_logger', 'transform_target_param', 'iterative_imputation_iters_param', '_internal_pipeline', 'fix_imbalance_method_param', 'master_model_container', 'imputation_classifier', 'gpu_param', 'data_before_preprocess', '_available_plots', 'experiment__', '_all_models_internal', 'fold_param', 'X_test', 'X', 'fold_generator', 'y'}
2022-11-17 11:04:50,018:INFO:Preparing display monitor
2022-11-17 11:04:50,019:INFO:Preparing display monitor
2022-11-17 11:04:50,024:INFO:Importing libraries
2022-11-17 11:04:50,025:INFO:Copying data for preprocessing
2022-11-17 11:04:50,027:INFO:Declaring preprocessing parameters
2022-11-17 11:04:50,029:INFO:Creating preprocessing pipeline
2022-11-17 11:04:50,041:INFO:Preprocessing pipeline created successfully
2022-11-17 11:04:50,042:ERROR:(Process Exit): setup has been interupted with user command 'quit'. setup must rerun.
2022-11-17 11:04:50,042:INFO:Creating global containers
2022-11-17 11:04:50,043:INFO:Internal pipeline: Pipeline(memory=None, steps=[('empty_step', 'passthrough')], verbose=False)
2022-11-17 11:04:50,366:WARNING:Couldn't import xgboost.XGBClassifier
2022-11-17 11:04:50,368:WARNING:Couldn't import catboost.CatBoostClassifier
2022-11-17 11:04:50,419:WARNING:Couldn't import xgboost.XGBClassifier
2022-11-17 11:04:50,420:WARNING:Couldn't import catboost.CatBoostClassifier
2022-11-17 11:04:50,420:INFO:Creating grid variables
2022-11-17 11:04:50,429:INFO:create_model_container: 0
2022-11-17 11:04:50,429:INFO:master_model_container: 0
2022-11-17 11:04:50,430:INFO:display_container: 1
2022-11-17 11:04:50,433:INFO:Pipeline(memory=None,
         steps=[('dtypes',
                 DataTypes_Auto_infer(categorical_features=[],
                                      display_types=False, features_todrop=[],
                                      id_columns=[],
                                      ml_usecase='classification',
                                      numerical_features=[], target='Churn',
                                      time_features=[])),
                ('imputer',
                 Simple_Imputer(categorical_strategy='not_available',
                                fill_value_categorical=None,
                                fill_value_numerical=None,
                                numeric_strat...
                ('scaling', 'passthrough'), ('P_transform', 'passthrough'),
                ('binn', 'passthrough'), ('rem_outliers', 'passthrough'),
                ('cluster_all', 'passthrough'),
                ('dummy', Dummify(target='Churn')),
                ('fix_perfect', Remove_100(target='Churn')),
                ('clean_names', Clean_Colum_Names()),
                ('feature_select', 'passthrough'), ('fix_multi', 'passthrough'),
                ('dfs', 'passthrough'), ('pca', 'passthrough')],
         verbose=False)
2022-11-17 11:04:50,433:INFO:setup() succesfully completed......................................
2022-11-17 11:05:13,091:INFO:PyCaret Supervised Module
2022-11-17 11:05:13,092:INFO:ML Usecase: classification
2022-11-17 11:05:13,092:INFO:version 2.3.10
2022-11-17 11:05:13,093:INFO:Initializing setup()
2022-11-17 11:05:13,093:INFO:setup(target=Churn, ml_usecase=classification, available_plots={'parameter': 'Hyperparameters', 'auc': 'AUC', 'confusion_matrix': 'Confusion Matrix', 'threshold': 'Threshold', 'pr': 'Precision Recall', 'error': 'Prediction Error', 'class_report': 'Class Report', 'rfe': 'Feature Selection', 'learning': 'Learning Curve', 'manifold': 'Manifold Learning', 'calibration': 'Calibration Curve', 'vc': 'Validation Curve', 'dimension': 'Dimensions', 'feature': 'Feature Importance', 'feature_all': 'Feature Importance (All)', 'boundary': 'Decision Boundary', 'lift': 'Lift Chart', 'gain': 'Gain Chart', 'tree': 'Decision Tree', 'ks': 'KS Statistic Plot'}, train_size=0.7, test_data=None, preprocess=True, imputation_type=simple, iterative_imputation_iters=5, categorical_features=None, categorical_imputation=constant, categorical_iterative_imputer=lightgbm, ordinal_features=None, high_cardinality_features=None, high_cardinality_method=frequency, numeric_features=None, numeric_imputation=mean, numeric_iterative_imputer=lightgbm, date_features=None, ignore_features=None, normalize=False, normalize_method=zscore, transformation=False, transformation_method=yeo-johnson, handle_unknown_categorical=True, unknown_categorical_method=least_frequent, pca=False, pca_method=linear, pca_components=None, ignore_low_variance=False, combine_rare_levels=False, rare_level_threshold=0.1, bin_numeric_features=None, remove_outliers=False, outliers_threshold=0.05, remove_multicollinearity=False, multicollinearity_threshold=0.9, remove_perfect_collinearity=True, create_clusters=False, cluster_iter=20, polynomial_features=False, polynomial_degree=2, trigonometry_features=False, polynomial_threshold=0.1, group_features=None, group_names=None, feature_selection=False, feature_selection_threshold=0.8, feature_selection_method=classic, feature_interaction=False, feature_ratio=False, interaction_threshold=0.01, fix_imbalance=False, fix_imbalance_method=None, transform_target=False, transform_target_method=box-cox, data_split_shuffle=True, data_split_stratify=False, fold_strategy=stratifiedkfold, fold=10, fold_shuffle=False, fold_groups=None, n_jobs=-1, use_gpu=False, custom_pipeline=None, html=True, session_id=None, log_experiment=False, experiment_name=None, experiment_custom_tags=None, log_plots=False, log_profile=False, log_data=False, silent=True, verbose=True, profile=False, profile_kwargs=None, display=None)
2022-11-17 11:05:13,093:INFO:Checking environment
2022-11-17 11:05:13,093:INFO:python_version: 3.8.15
2022-11-17 11:05:13,094:INFO:python_build: ('default', 'Nov  4 2022 15:16:59')
2022-11-17 11:05:13,094:INFO:machine: AMD64
2022-11-17 11:05:13,101:INFO:platform: Windows-10-10.0.22000-SP0
2022-11-17 11:05:13,104:INFO:Memory: svmem(total=17102475264, available=8203390976, percent=52.0, used=8899084288, free=8203390976)
2022-11-17 11:05:13,104:INFO:Physical Core: 8
2022-11-17 11:05:13,104:INFO:Logical Core: 16
2022-11-17 11:05:13,105:INFO:Checking libraries
2022-11-17 11:05:13,105:INFO:pd==1.5.1
2022-11-17 11:05:13,105:INFO:numpy==1.20.3
2022-11-17 11:05:13,105:INFO:sklearn==0.23.2
2022-11-17 11:05:13,106:INFO:lightgbm==3.3.3
2022-11-17 11:05:13,106:WARNING:catboost not found
2022-11-17 11:05:13,107:WARNING:xgboost not found
2022-11-17 11:05:13,107:INFO:mlflow==2.0.1
2022-11-17 11:05:13,107:INFO:Checking Exceptions
2022-11-17 11:05:13,108:INFO:Declaring global variables
2022-11-17 11:05:13,108:INFO:USI: 7fbc
2022-11-17 11:05:13,108:INFO:pycaret_globals: {'transform_target_param', 'y_test', 'y', 'pycaret_globals', 'target_param', 'X', 'fold_groups_param_full', '_all_metrics', 'create_model_container', 'iterative_imputation_iters_param', 'transform_target_method_param', 'fold_generator', 'imputation_classifier', 'y_train', 'imputation_regressor', 'fix_imbalance_method_param', 'dashboard_logger', 'log_plots_param', 'master_model_container', 'exp_name_log', 'data_before_preprocess', '_ml_usecase', 'fold_param', 'html_param', '_all_models_internal', 'seed', 'fold_shuffle_param', 'experiment__', 'USI', '_internal_pipeline', 'n_jobs_param', 'X_train', '_gpu_n_jobs_param', 'fix_imbalance_param', 'prep_pipe', 'display_container', 'stratify_param', '_available_plots', 'logging_param', 'fold_groups_param', 'X_test', '_all_models', 'gpu_param'}
2022-11-17 11:05:13,108:INFO:Preparing display monitor
2022-11-17 11:05:13,109:INFO:Preparing display monitor
2022-11-17 11:05:13,115:INFO:Importing libraries
2022-11-17 11:05:13,115:INFO:Copying data for preprocessing
2022-11-17 11:05:13,118:INFO:Declaring preprocessing parameters
2022-11-17 11:05:13,119:INFO:Creating preprocessing pipeline
2022-11-17 11:05:13,131:INFO:Preprocessing pipeline created successfully
2022-11-17 11:05:13,132:ERROR:(Process Exit): setup has been interupted with user command 'quit'. setup must rerun.
2022-11-17 11:05:13,132:INFO:Creating global containers
2022-11-17 11:05:13,133:INFO:Internal pipeline: Pipeline(memory=None, steps=[('empty_step', 'passthrough')], verbose=False)
2022-11-17 11:05:13,446:WARNING:Couldn't import xgboost.XGBClassifier
2022-11-17 11:05:13,447:WARNING:Couldn't import catboost.CatBoostClassifier
2022-11-17 11:05:13,498:WARNING:Couldn't import xgboost.XGBClassifier
2022-11-17 11:05:13,499:WARNING:Couldn't import catboost.CatBoostClassifier
2022-11-17 11:05:13,500:INFO:Creating grid variables
2022-11-17 11:05:13,509:INFO:create_model_container: 0
2022-11-17 11:05:13,509:INFO:master_model_container: 0
2022-11-17 11:05:13,509:INFO:display_container: 1
2022-11-17 11:05:13,513:INFO:Pipeline(memory=None,
         steps=[('dtypes',
                 DataTypes_Auto_infer(categorical_features=[],
                                      display_types=False, features_todrop=[],
                                      id_columns=[],
                                      ml_usecase='classification',
                                      numerical_features=[], target='Churn',
                                      time_features=[])),
                ('imputer',
                 Simple_Imputer(categorical_strategy='not_available',
                                fill_value_categorical=None,
                                fill_value_numerical=None,
                                numeric_strat...
                ('scaling', 'passthrough'), ('P_transform', 'passthrough'),
                ('binn', 'passthrough'), ('rem_outliers', 'passthrough'),
                ('cluster_all', 'passthrough'),
                ('dummy', Dummify(target='Churn')),
                ('fix_perfect', Remove_100(target='Churn')),
                ('clean_names', Clean_Colum_Names()),
                ('feature_select', 'passthrough'), ('fix_multi', 'passthrough'),
                ('dfs', 'passthrough'), ('pca', 'passthrough')],
         verbose=False)
2022-11-17 11:05:13,513:INFO:setup() succesfully completed......................................
2022-11-17 11:06:22,026:INFO:PyCaret Supervised Module
2022-11-17 11:06:22,027:INFO:ML Usecase: classification
2022-11-17 11:06:22,027:INFO:version 2.3.10
2022-11-17 11:06:22,027:INFO:Initializing setup()
2022-11-17 11:06:22,027:INFO:setup(target=Churn, ml_usecase=classification, available_plots={'parameter': 'Hyperparameters', 'auc': 'AUC', 'confusion_matrix': 'Confusion Matrix', 'threshold': 'Threshold', 'pr': 'Precision Recall', 'error': 'Prediction Error', 'class_report': 'Class Report', 'rfe': 'Feature Selection', 'learning': 'Learning Curve', 'manifold': 'Manifold Learning', 'calibration': 'Calibration Curve', 'vc': 'Validation Curve', 'dimension': 'Dimensions', 'feature': 'Feature Importance', 'feature_all': 'Feature Importance (All)', 'boundary': 'Decision Boundary', 'lift': 'Lift Chart', 'gain': 'Gain Chart', 'tree': 'Decision Tree', 'ks': 'KS Statistic Plot'}, train_size=0.7, test_data=None, preprocess=True, imputation_type=simple, iterative_imputation_iters=5, categorical_features=None, categorical_imputation=constant, categorical_iterative_imputer=lightgbm, ordinal_features=None, high_cardinality_features=None, high_cardinality_method=frequency, numeric_features=None, numeric_imputation=mean, numeric_iterative_imputer=lightgbm, date_features=None, ignore_features=None, normalize=False, normalize_method=zscore, transformation=False, transformation_method=yeo-johnson, handle_unknown_categorical=True, unknown_categorical_method=least_frequent, pca=False, pca_method=linear, pca_components=None, ignore_low_variance=False, combine_rare_levels=False, rare_level_threshold=0.1, bin_numeric_features=None, remove_outliers=False, outliers_threshold=0.05, remove_multicollinearity=False, multicollinearity_threshold=0.9, remove_perfect_collinearity=True, create_clusters=False, cluster_iter=20, polynomial_features=False, polynomial_degree=2, trigonometry_features=False, polynomial_threshold=0.1, group_features=None, group_names=None, feature_selection=False, feature_selection_threshold=0.8, feature_selection_method=classic, feature_interaction=False, feature_ratio=False, interaction_threshold=0.01, fix_imbalance=False, fix_imbalance_method=None, transform_target=False, transform_target_method=box-cox, data_split_shuffle=True, data_split_stratify=False, fold_strategy=stratifiedkfold, fold=10, fold_shuffle=False, fold_groups=None, n_jobs=-1, use_gpu=False, custom_pipeline=None, html=True, session_id=None, log_experiment=False, experiment_name=None, experiment_custom_tags=None, log_plots=False, log_profile=False, log_data=False, silent=True, verbose=True, profile=False, profile_kwargs=None, display=None)
2022-11-17 11:06:22,028:INFO:Checking environment
2022-11-17 11:06:22,028:INFO:python_version: 3.8.15
2022-11-17 11:06:22,028:INFO:python_build: ('default', 'Nov  4 2022 15:16:59')
2022-11-17 11:06:22,028:INFO:machine: AMD64
2022-11-17 11:06:22,036:INFO:platform: Windows-10-10.0.22000-SP0
2022-11-17 11:06:22,040:INFO:Memory: svmem(total=17102475264, available=8265539584, percent=51.7, used=8836935680, free=8265539584)
2022-11-17 11:06:22,040:INFO:Physical Core: 8
2022-11-17 11:06:22,040:INFO:Logical Core: 16
2022-11-17 11:06:22,040:INFO:Checking libraries
2022-11-17 11:06:22,041:INFO:pd==1.5.1
2022-11-17 11:06:22,041:INFO:numpy==1.20.3
2022-11-17 11:06:22,041:INFO:sklearn==0.23.2
2022-11-17 11:06:22,041:INFO:lightgbm==3.3.3
2022-11-17 11:06:22,042:WARNING:catboost not found
2022-11-17 11:06:22,043:WARNING:xgboost not found
2022-11-17 11:06:22,043:INFO:mlflow==2.0.1
2022-11-17 11:06:22,043:INFO:Checking Exceptions
2022-11-17 11:06:22,043:INFO:Declaring global variables
2022-11-17 11:06:22,044:INFO:USI: eeb8
2022-11-17 11:06:22,044:INFO:pycaret_globals: {'fold_groups_param', 'dashboard_logger', 'transform_target_method_param', '_available_plots', 'imputation_regressor', 'y_train', 'fold_groups_param_full', 'iterative_imputation_iters_param', '_internal_pipeline', 'target_param', 'X', 'experiment__', 'transform_target_param', 'prep_pipe', 'master_model_container', 'y_test', '_all_metrics', 'display_container', 'log_plots_param', 'gpu_param', 'pycaret_globals', 'exp_name_log', 'fold_shuffle_param', 'data_before_preprocess', 'imputation_classifier', 'stratify_param', 'fix_imbalance_method_param', '_gpu_n_jobs_param', 'seed', '_all_models_internal', 'y', 'X_train', 'fix_imbalance_param', '_all_models', 'fold_param', 'create_model_container', 'html_param', '_ml_usecase', 'fold_generator', 'USI', 'logging_param', 'X_test', 'n_jobs_param'}
2022-11-17 11:06:22,044:INFO:Preparing display monitor
2022-11-17 11:06:22,044:INFO:Preparing display monitor
2022-11-17 11:06:22,050:INFO:Importing libraries
2022-11-17 11:06:22,050:INFO:Copying data for preprocessing
2022-11-17 11:06:22,052:INFO:Declaring preprocessing parameters
2022-11-17 11:06:22,054:INFO:Creating preprocessing pipeline
2022-11-17 11:06:22,066:INFO:Preprocessing pipeline created successfully
2022-11-17 11:06:22,066:ERROR:(Process Exit): setup has been interupted with user command 'quit'. setup must rerun.
2022-11-17 11:06:22,067:INFO:Creating global containers
2022-11-17 11:06:22,067:INFO:Internal pipeline: Pipeline(memory=None, steps=[('empty_step', 'passthrough')], verbose=False)
2022-11-17 11:06:22,381:WARNING:Couldn't import xgboost.XGBClassifier
2022-11-17 11:06:22,383:WARNING:Couldn't import catboost.CatBoostClassifier
2022-11-17 11:06:22,433:WARNING:Couldn't import xgboost.XGBClassifier
2022-11-17 11:06:22,434:WARNING:Couldn't import catboost.CatBoostClassifier
2022-11-17 11:06:22,435:INFO:Creating grid variables
2022-11-17 11:06:22,444:INFO:create_model_container: 0
2022-11-17 11:06:22,444:INFO:master_model_container: 0
2022-11-17 11:06:22,444:INFO:display_container: 1
2022-11-17 11:06:22,448:INFO:Pipeline(memory=None,
         steps=[('dtypes',
                 DataTypes_Auto_infer(categorical_features=[],
                                      display_types=False, features_todrop=[],
                                      id_columns=[],
                                      ml_usecase='classification',
                                      numerical_features=[], target='Churn',
                                      time_features=[])),
                ('imputer',
                 Simple_Imputer(categorical_strategy='not_available',
                                fill_value_categorical=None,
                                fill_value_numerical=None,
                                numeric_strat...
                ('scaling', 'passthrough'), ('P_transform', 'passthrough'),
                ('binn', 'passthrough'), ('rem_outliers', 'passthrough'),
                ('cluster_all', 'passthrough'),
                ('dummy', Dummify(target='Churn')),
                ('fix_perfect', Remove_100(target='Churn')),
                ('clean_names', Clean_Colum_Names()),
                ('feature_select', 'passthrough'), ('fix_multi', 'passthrough'),
                ('dfs', 'passthrough'), ('pca', 'passthrough')],
         verbose=False)
2022-11-17 11:06:22,448:INFO:setup() succesfully completed......................................
